<?xml version="1.0" encoding="UTF-8"?>
<!-- Generated by org.testng.reporters.JUnitReportReporter -->
<testsuite hostname="DESKTOP-GCR1L7K" failures="0" tests="4" name="tests.Tests" time="39.423" errors="0" timestamp="2023-03-30T14:04:04 ART" skipped="0">
  <testcase classname="tests.Tests" name="PruebaCuatro" time="8.826"/>
  <system-out/>
  <testcase classname="tests.Tests" name="PruebaUno" time="9.066"/>
  <system-out/>
  <testcase classname="tests.Tests" name="PruebaDos" time="8.642"/>
  <system-out/>
  <testcase classname="tests.Tests" name="PruebaTres" time="12.889"/>
  <system-out/>
</testsuite> <!-- tests.Tests -->
